#! /usr/local/Cellar/icarus-verilog/11.0/bin/vvp
:ivl_version "11.0 (stable)";
:ivl_delay_selection "TYPICAL";
:vpi_time_precision + 0;
:vpi_module "/usr/local/Cellar/icarus-verilog/11.0/lib/ivl/system.vpi";
:vpi_module "/usr/local/Cellar/icarus-verilog/11.0/lib/ivl/vhdl_sys.vpi";
:vpi_module "/usr/local/Cellar/icarus-verilog/11.0/lib/ivl/vhdl_textio.vpi";
:vpi_module "/usr/local/Cellar/icarus-verilog/11.0/lib/ivl/v2005_math.vpi";
:vpi_module "/usr/local/Cellar/icarus-verilog/11.0/lib/ivl/va_math.vpi";
S_0x7f7c57a04190 .scope module, "main" "main" 2 4;
 .timescale 0 0;
v0x600002500000_0 .var/i "celsius", 31 0;
v0x600002500090_0 .var/i "fahr", 31 0;
    .scope S_0x7f7c57a04190;
T_0 ;
    %pushi/vec4 0, 0, 32;
    %store/vec4 v0x600002500090_0, 0, 32;
T_0.0 ;
    %load/vec4 v0x600002500090_0;
    %cmpi/s 300, 0, 32;
    %flag_or 5, 4;
    %jmp/0xz T_0.1, 5;
    %load/vec4 v0x600002500090_0;
    %subi 32, 0, 32;
    %muli 5, 0, 32;
    %pushi/vec4 9, 0, 32;
    %div/s;
    %store/vec4 v0x600002500000_0, 0, 32;
    %vpi_call 2 9 "$display", "%3d %6d", v0x600002500090_0, v0x600002500000_0 {0 0 0};
    %load/vec4 v0x600002500090_0;
    %addi 20, 0, 32;
    %store/vec4 v0x600002500090_0, 0, 32;
    %jmp T_0.0;
T_0.1 ;
    %end;
    .thread T_0;
# The file index is used to find the file name in the following table.
:file_names 3;
    "N/A";
    "<interactive>";
    "code004.v";
